{
  "RSpec": {
    "coverage": {
      "/Users/magicmax/turing/mod3/sweater_weather/app/controllers/api/v1/forecast_controller.rb": {
        "lines": [
          1,
          1,
          1,
          1,
          null,
          null
        ]
      },
      "/Users/magicmax/turing/mod3/sweater_weather/app/controllers/application_controller.rb": {
        "lines": [
          1,
          null
        ]
      },
      "/Users/magicmax/turing/mod3/sweater_weather/app/facades/map_quest_facade.rb": {
        "lines": [
          1,
          1,
          1,
          null,
          null,
          null
        ]
      }
    },
    "timestamp": 1615055136
  }
}
